# JRE version: Java(TM) SE Runtime Environment (8.0_91-b15) (build 1.8.0_91-b15)
# Java VM: Java HotSpot(TM) 64-Bit Server VM (25.91-b15 mixed mode windows-amd64 compressed oops)
Heap:
 PSYoungGen      total 379904K, used 185019K [0x00000000e0000000, 0x00000000fe180000, 0x0000000100000000)
  eden space 378368K, 48% used [0x00000000e0000000,0x00000000eb4aed88,0x00000000f7180000)
  from space 1536K, 0% used [0x00000000f7180000,0x00000000f7180000,0x00000000f7300000)
  to   space 57344K, 0% used [0x00000000fa980000,0x00000000fa980000,0x00000000fe180000)
 ParOldGen       total 165376K, used 40914K [0x00000000a0000000, 0x00000000aa180000, 0x00000000e0000000)
  object space 165376K, 24% used [0x00000000a0000000,0x00000000a27f49d8,0x00000000aa180000)
 Metaspace       used 69591K, capacity 72624K, committed 72832K, reserved 1112064K
  class space    used 8770K, capacity 9248K, committed 9344K, reserved 1048576K
GC Heap History (10 events):
Event: 1059.878 GC heap before
{Heap before GC invocations=40 (full 7):
 PSYoungGen      total 409600K, used 361311K [0x00000000e0000000, 0x00000000fcf80000, 0x0000000100000000)
  eden space 352768K, 100% used [0x00000000e0000000,0x00000000f5880000,0x00000000f5880000)
  from space 56832K, 15% used [0x00000000f9800000,0x00000000fa057d90,0x00000000fcf80000)
  to   space 60928K, 0% used [0x00000000f5880000,0x00000000f5880000,0x00000000f9400000)
 ParOldGen       total 165376K, used 42547K [0x00000000a0000000, 0x00000000aa180000, 0x00000000e0000000)
  object space 165376K, 25% used [0x00000000a0000000,0x00000000a298cdc0,0x00000000aa180000)
 Metaspace       used 69310K, capacity 72234K, committed 72576K, reserved 1112064K
  class space    used 8751K, capacity 9237K, committed 9344K, reserved 1048576K
Event: 1059.891 GC heap after
Heap after GC invocations=40 (full 7):
 PSYoungGen      total 413696K, used 10479K [0x00000000e0000000, 0x00000000fe480000, 0x0000000100000000)
  eden space 352768K, 0% used [0x00000000e0000000,0x00000000e0000000,0x00000000f5880000)
  from space 60928K, 17% used [0x00000000f5880000,0x00000000f62bbe30,0x00000000f9400000)
  to   space 58880K, 0% used [0x00000000fab00000,0x00000000fab00000,0x00000000fe480000)
 ParOldGen       total 165376K, used 42555K [0x00000000a0000000, 0x00000000aa180000, 0x00000000e0000000)
  object space 165376K, 25% used [0x00000000a0000000,0x00000000a298edc0,0x00000000aa180000)
 Metaspace       used 69310K, capacity 72234K, committed 72576K, reserved 1112064K
  class space    used 8751K, capacity 9237K, committed 9344K, reserved 1048576K
}
Event: 1060.698 GC heap before
{Heap before GC invocations=41 (full 7):
 PSYoungGen      total 413696K, used 79249K [0x00000000e0000000, 0x00000000fe480000, 0x0000000100000000)
  eden space 352768K, 19% used [0x00000000e0000000,0x00000000e4328670,0x00000000f5880000)
  from space 60928K, 17% used [0x00000000f5880000,0x00000000f62bbe30,0x00000000f9400000)
  to   space 58880K, 0% used [0x00000000fab00000,0x00000000fab00000,0x00000000fe480000)
 ParOldGen       total 165376K, used 42555K [0x00000000a0000000, 0x00000000aa180000, 0x00000000e0000000)
  object space 165376K, 25% used [0x00000000a0000000,0x00000000a298edc0,0x00000000aa180000)
 Metaspace       used 69332K, capacity 72304K, committed 72576K, reserved 1112064K
  class space    used 8753K, capacity 9238K, committed 9344K, reserved 1048576K
Event: 1060.701 GC heap after
Heap after GC invocations=41 (full 7):
 PSYoungGen      total 436224K, used 1620K [0x00000000e0000000, 0x00000000fe380000, 0x0000000100000000)
  eden space 378368K, 0% used [0x00000000e0000000,0x00000000e0000000,0x00000000f7180000)
  from space 57856K, 2% used [0x00000000fab00000,0x00000000fac95218,0x00000000fe380000)
  to   space 58368K, 0% used [0x00000000f7180000,0x00000000f7180000,0x00000000faa80000)
 ParOldGen       total 165376K, used 42563K [0x00000000a0000000, 0x00000000aa180000, 0x00000000e0000000)
  object space 165376K, 25% used [0x00000000a0000000,0x00000000a2990dc0,0x00000000aa180000)
 Metaspace       used 69332K, capacity 72304K, committed 72576K, reserved 1112064K
  class space    used 8753K, capacity 9238K, committed 9344K, reserved 1048576K
}
Event: 1060.701 GC heap before
{Heap before GC invocations=42 (full 8):
 PSYoungGen      total 436224K, used 1620K [0x00000000e0000000, 0x00000000fe380000, 0x0000000100000000)
  eden space 378368K, 0% used [0x00000000e0000000,0x00000000e0000000,0x00000000f7180000)
  from space 57856K, 2% used [0x00000000fab00000,0x00000000fac95218,0x00000000fe380000)
  to   space 58368K, 0% used [0x00000000f7180000,0x00000000f7180000,0x00000000faa80000)
 ParOldGen       total 165376K, used 42563K [0x00000000a0000000, 0x00000000aa180000, 0x00000000e0000000)
  object space 165376K, 25% used [0x00000000a0000000,0x00000000a2990dc0,0x00000000aa180000)
 Metaspace       used 69332K, capacity 72304K, committed 72576K, reserved 1112064K
  class space    used 8753K, capacity 9238K, committed 9344K, reserved 1048576K
Event: 1061.177 GC heap after
Heap after GC invocations=42 (full 8):
 PSYoungGen      total 436224K, used 0K [0x00000000e0000000, 0x00000000fe380000, 0x0000000100000000)
  eden space 378368K, 0% used [0x00000000e0000000,0x00000000e0000000,0x00000000f7180000)
  from space 57856K, 0% used [0x00000000fab00000,0x00000000fab00000,0x00000000fe380000)
  to   space 58368K, 0% used [0x00000000f7180000,0x00000000f7180000,0x00000000faa80000)
 ParOldGen       total 165376K, used 40254K [0x00000000a0000000, 0x00000000aa180000, 0x00000000e0000000)
  object space 165376K, 24% used [0x00000000a0000000,0x00000000a274f9b8,0x00000000aa180000)
 Metaspace       used 68684K, capacity 71646K, committed 72576K, reserved 1112064K
  class space    used 8686K, capacity 9165K, committed 9344K, reserved 1048576K
}
Event: 1305.110 GC heap before
{Heap before GC invocations=43 (full 8):
 PSYoungGen      total 436224K, used 145041K [0x00000000e0000000, 0x00000000fe380000, 0x0000000100000000)
  eden space 378368K, 38% used [0x00000000e0000000,0x00000000e8da4700,0x00000000f7180000)
  from space 57856K, 0% used [0x00000000fab00000,0x00000000fab00000,0x00000000fe380000)
  to   space 58368K, 0% used [0x00000000f7180000,0x00000000f7180000,0x00000000faa80000)
 ParOldGen       total 165376K, used 40254K [0x00000000a0000000, 0x00000000aa180000, 0x00000000e0000000)
  object space 165376K, 24% used [0x00000000a0000000,0x00000000a274f9b8,0x00000000aa180000)
 Metaspace       used 68834K, capacity 71806K, committed 72576K, reserved 1112064K
  class space    used 8694K, capacity 9173K, committed 9344K, reserved 1048576K
Event: 1305.114 GC heap after
Heap after GC invocations=43 (full 8):
 PSYoungGen      total 379904K, used 1280K [0x00000000e0000000, 0x00000000fe180000, 0x0000000100000000)
  eden space 378368K, 0% used [0x00000000e0000000,0x00000000e0000000,0x00000000f7180000)
  from space 1536K, 83% used [0x00000000f7180000,0x00000000f72c0020,0x00000000f7300000)
  to   space 57344K, 0% used [0x00000000fa980000,0x00000000fa980000,0x00000000fe180000)
 ParOldGen       total 165376K, used 40262K [0x00000000a0000000, 0x00000000aa180000, 0x00000000e0000000)
  object space 165376K, 24% used [0x00000000a0000000,0x00000000a27519b8,0x00000000aa180000)
 Metaspace       used 68834K, capacity 71806K, committed 72576K, reserved 1112064K
  class space    used 8694K, capacity 9173K, committed 9344K, reserved 1048576K
}
Event: 1305.114 GC heap before
{Heap before GC invocations=44 (full 9):
 PSYoungGen      total 379904K, used 1280K [0x00000000e0000000, 0x00000000fe180000, 0x0000000100000000)
  eden space 378368K, 0% used [0x00000000e0000000,0x00000000e0000000,0x00000000f7180000)
  from space 1536K, 83% used [0x00000000f7180000,0x00000000f72c0020,0x00000000f7300000)
  to   space 57344K, 0% used [0x00000000fa980000,0x00000000fa980000,0x00000000fe180000)
 ParOldGen       total 165376K, used 40262K [0x00000000a0000000, 0x00000000aa180000, 0x00000000e0000000)
  object space 165376K, 24% used [0x00000000a0000000,0x00000000a27519b8,0x00000000aa180000)
 Metaspace       used 68834K, capacity 71806K, committed 72576K, reserved 1112064K
  class space    used 8694K, capacity 9173K, committed 9344K, reserved 1048576K
Event: 1305.332 GC heap after
Heap after GC invocations=44 (full 9):
 PSYoungGen      total 379904K, used 0K [0x00000000e0000000, 0x00000000fe180000, 0x0000000100000000)
  eden space 378368K, 0% used [0x00000000e0000000,0x00000000e0000000,0x00000000f7180000)
  from space 1536K, 0% used [0x00000000f7180000,0x00000000f7180000,0x00000000f7300000)
  to   space 57344K, 0% used [0x00000000fa980000,0x00000000fa980000,0x00000000fe180000)
 ParOldGen       total 165376K, used 40914K [0x00000000a0000000, 0x00000000aa180000, 0x00000000e0000000)
  object space 165376K, 24% used [0x00000000a0000000,0x00000000a27f49d8,0x00000000aa180000)
 Metaspace       used 68834K, capacity 71806K, committed 72576K, reserved 1112064K
  class space    used 8694K, capacity 9173K, committed 9344K, reserved 1048576K
}

